<?xml version="1.0" encoding="UTF-8"?>
<!-- Generated by org.testng.reporters.JUnitXMLReporter -->
<testsuite ignored="0" hostname="DESKTOP-D63EQ9S" failures="0" tests="3" name="Default test" time="5.593" errors="0" timestamp="2022-12-26T14:31:33 BRT">
  <testcase classname="leanTech.automation_LT.Test.MainTest" name="selectBackPackItem" time="3.142"/>
  <testcase classname="leanTech.automation_LT.Test.MainTest" name="selectMultipleItems" time="1.491"/>
  <testcase classname="leanTech.automation_LT.Test.MainTest" name="selectNoneItemFound" time="0.933"/>
</testsuite> <!-- Default test -->
