<?xml version="1.0" encoding="UTF-8"?>
<testng-results ignored="0" total="2" passed="2" failed="0" skipped="0">
  <reporter-output>
  </reporter-output>
  <suite started-at="2022-12-24T11:53:33 BRT" name="Default suite" finished-at="2022-12-24T11:53:38 BRT" duration-ms="5029">
    <groups>
    </groups>
    <test started-at="2022-12-24T11:53:33 BRT" name="Default test" finished-at="2022-12-24T11:53:38 BRT" duration-ms="5029">
      <class name="leanTech.automation_LT.Test.MainTest">
        <test-method signature="selectBackPackItem()[pri:0, instance:leanTech.automation_LT.Test.MainTest@5562c41e]" started-at="2022-12-24T11:53:33 BRT" name="selectBackPackItem" finished-at="2022-12-24T11:53:36 BRT" duration-ms="3441" status="PASS">
          <reporter-output>
          </reporter-output>
        </test-method> <!-- selectBackPackItem -->
        <test-method signature="selectMultipleItems()[pri:0, instance:leanTech.automation_LT.Test.MainTest@5562c41e]" started-at="2022-12-24T11:53:36 BRT" name="selectMultipleItems" finished-at="2022-12-24T11:53:38 BRT" duration-ms="1561" status="PASS">
          <reporter-output>
          </reporter-output>
        </test-method> <!-- selectMultipleItems -->
      </class> <!-- leanTech.automation_LT.Test.MainTest -->
    </test> <!-- Default test -->
  </suite> <!-- Default suite -->
</testng-results>
