<?xml version="1.0" encoding="UTF-8"?>
<testng-results ignored="0" total="1" passed="1" failed="0" skipped="0">
  <reporter-output>
  </reporter-output>
  <suite started-at="2022-12-26T13:34:42 BRT" name="Default suite" finished-at="2022-12-26T13:34:45 BRT" duration-ms="3172">
    <groups>
    </groups>
    <test started-at="2022-12-26T13:34:42 BRT" name="Default test" finished-at="2022-12-26T13:34:45 BRT" duration-ms="3172">
      <class name="leanTech.automation_LT.Test.MainTest">
        <test-method signature="selectNoneItemFound()[pri:0, instance:leanTech.automation_LT.Test.MainTest@53fdffa1]" started-at="2022-12-26T13:34:42 BRT" name="selectNoneItemFound" finished-at="2022-12-26T13:34:45 BRT" duration-ms="3146" status="PASS">
          <reporter-output>
          </reporter-output>
        </test-method> <!-- selectNoneItemFound -->
      </class> <!-- leanTech.automation_LT.Test.MainTest -->
    </test> <!-- Default test -->
  </suite> <!-- Default suite -->
</testng-results>
